<?xml version="1.0" encoding="UTF-8"?>
<!-- Generated by org.testng.reporters.JUnitReportReporter -->
<testsuite hostname="PC101" name="com.pdfbox.ReadPdfWithURL" tests="1" failures="0" timestamp="23 Sep 2018 11:47:05 GMT" time="65.973" errors="0">
  <testcase name="readPDFText" time="65.973" classname="com.pdfbox.ReadPdfWithURL"/>
</testsuite> <!-- com.pdfbox.ReadPdfWithURL -->
